<?xml version="1.0" encoding="UTF-8"?>
<!-- Generated by org.testng.reporters.JUnitXMLReporter -->
<testsuite ignored="0" hostname="LTIN674054" failures="1" tests="7" name="ChromeTests" time="177.353" errors="0" timestamp="2026-02-05T15:44:25 IST">
  <testcase classname="searchSeleniumTest" name="searchSeleniumJava" time="5.938"/>
  <testcase classname="findLevelTest" name="levelSearch" time="12.13"/>
  <testcase classname="FillFormTest" name="fillForm" time="89.154"/>
  <testcase classname="FillFormTest" name="fillForm" time="91.022">
    <failure type="org.apache.poi.EmptyFileException" message="The supplied file was empty (zero bytes long)">
      <![CDATA[org.apache.poi.EmptyFileException: The supplied file was empty (zero bytes long)
at org.apache.poi.util.IOUtils.peekFirstNBytes(IOUtils.java:157)
at org.apache.poi.poifs.filesystem.FileMagic.valueOf(FileMagic.java:209)
at org.apache.poi.openxml4j.opc.internal.ZipHelper.verifyZipHeader(ZipHelper.java:147)
at org.apache.poi.openxml4j.opc.internal.ZipHelper.openZipStream(ZipHelper.java:191)
at org.apache.poi.openxml4j.opc.ZipPackage.<init>(ZipPackage.java:210)
at org.apache.poi.openxml4j.opc.OPCPackage.open(OPCPackage.java:518)
at org.apache.poi.openxml4j.opc.OPCPackage.open(OPCPackage.java:491)
at org.apache.poi.ooxml.util.PackageHelper.open(PackageHelper.java:67)
at org.apache.poi.xssf.usermodel.XSSFWorkbook.<init>(XSSFWorkbook.java:318)
at org.apache.poi.xssf.usermodel.XSSFWorkbook.<init>(XSSFWorkbook.java:292)
at com.coursera.utils.ExcelUtils.setCellData(ExcelUtils.java:43)
at FillFormTest.fillForm(FillFormTest.java:59)
at java.base/java.util.concurrent.ThreadPoolExecutor.runWorker(ThreadPoolExecutor.java:1144)
at java.base/java.util.concurrent.ThreadPoolExecutor$Worker.run(ThreadPoolExecutor.java:642)
at java.base/java.lang.Thread.run(Thread.java:1570)
... Removed 7 stack frames]]>
    </failure>
  </testcase> <!-- fillForm -->
  <testcase classname="FillFormTest" name="fillForm" time="72.897"/>
  <testcase classname="FillFormTest" name="fillForm" time="74.913"/>
  <testcase classname="FillFormTest" name="fillForm" time="100.441"/>
</testsuite> <!-- ChromeTests -->
