<?xml version="1.0" encoding="UTF-8"?>
<!-- Generated by org.testng.reporters.JUnitXMLReporter -->
<testsuite ignored="0" hostname="LTIN674054" failures="0" tests="5" name="ChromeTests" time="305.255" errors="0" timestamp="2026-02-12T21:14:25 IST">
  <testcase classname="FillFormTest" name="fillForm" time="0.0">
    <skipped/>
  </testcase> <!-- fillForm -->
  <testcase classname="FillFormTest" name="fillForm" time="0.0">
    <skipped/>
  </testcase> <!-- fillForm -->
  <testcase classname="FillFormTest" name="fillForm" time="0.0">
    <skipped/>
  </testcase> <!-- fillForm -->
  <testcase classname="FillFormTest" name="fillForm" time="0.0">
    <skipped/>
  </testcase> <!-- fillForm -->
  <testcase classname="FillFormTest" name="fillForm" time="184.982"/>
</testsuite> <!-- ChromeTests -->
