<?xml version="1.0" encoding="UTF-8"?>
<!-- Generated by org.testng.reporters.JUnitXMLReporter -->
<testsuite ignored="0" hostname="LTIN674054" failures="0" tests="7" name="ChromeTests" time="189.388" errors="0" timestamp="2026-02-06T12:27:28 IST">
  <testcase classname="searchSeleniumTest" name="searchSeleniumJava" time="6.297"/>
  <testcase classname="findLevelTest" name="levelSearch" time="16.717"/>
  <testcase classname="FillFormTest" name="fillForm" time="47.019"/>
  <testcase classname="FillFormTest" name="fillForm" time="41.918"/>
  <testcase classname="FillFormTest" name="fillForm" time="50.465"/>
  <testcase classname="FillFormTest" name="fillForm" time="92.607"/>
  <testcase classname="FillFormTest" name="fillForm" time="32.514"/>
</testsuite> <!-- ChromeTests -->
