<?xml version="1.0" encoding="UTF-8"?>
<!-- Generated by org.testng.reporters.JUnitXMLReporter -->
<testsuite ignored="0" hostname="LTIN674054" failures="0" tests="5" name="Coursera UI" time="160.351" errors="0" timestamp="2026-02-05T15:11:01 IST">
  <testcase classname="FillFormTest" name="fillForm" time="25.414"/>
  <testcase classname="FillFormTest" name="fillForm" time="24.988"/>
  <testcase classname="FillFormTest" name="fillForm" time="15.568"/>
  <testcase classname="FillFormTest" name="fillForm" time="20.79"/>
  <testcase classname="FillFormTest" name="fillForm" time="21.697"/>
</testsuite> <!-- Coursera UI -->
