<?xml version="1.0" encoding="UTF-8"?>
<!-- Generated by org.testng.reporters.JUnitXMLReporter -->
<testsuite ignored="0" hostname="LTIN674054" failures="0" tests="7" name="EdgeTests" time="181.616" errors="0" timestamp="2026-02-06T12:27:20 IST">
  <testcase classname="searchSeleniumTest" name="searchSeleniumJava" time="6.836"/>
  <testcase classname="findLevelTest" name="levelSearch" time="9.085"/>
  <testcase classname="FillFormTest" name="fillForm" time="48.967"/>
  <testcase classname="FillFormTest" name="fillForm" time="62.447"/>
  <testcase classname="FillFormTest" name="fillForm" time="73.318"/>
  <testcase classname="FillFormTest" name="fillForm" time="107.141"/>
  <testcase classname="FillFormTest" name="fillForm" time="106.585"/>
</testsuite> <!-- EdgeTests -->
