<?xml version="1.0" encoding="UTF-8"?>
<!-- Generated by org.testng.reporters.JUnitXMLReporter -->
<testsuite ignored="0" hostname="LTIN674054" failures="0" tests="7" name="EdgeTests" time="195.634" errors="0" timestamp="2026-02-05T15:44:43 IST">
  <testcase classname="searchSeleniumTest" name="searchSeleniumJava" time="6.71"/>
  <testcase classname="findLevelTest" name="levelSearch" time="11.293"/>
  <testcase classname="FillFormTest" name="fillForm" time="74.355"/>
  <testcase classname="FillFormTest" name="fillForm" time="87.928"/>
  <testcase classname="FillFormTest" name="fillForm" time="88.038"/>
  <testcase classname="FillFormTest" name="fillForm" time="113.615"/>
  <testcase classname="FillFormTest" name="fillForm" time="119.332"/>
</testsuite> <!-- EdgeTests -->
