<?xml version="1.0" encoding="UTF-8"?>
<testng-results ignored="0" total="14" passed="14" failed="0" skipped="0">
  <reporter-output>
  </reporter-output>
  <suite started-at="2026-02-06T12:24:19 IST" name="Coursera POM Suite" finished-at="2026-02-06T12:27:28 IST" duration-ms="189388">
    <groups>
    </groups>
    <test started-at="2026-02-06T12:24:19 IST" name="EdgeTests" finished-at="2026-02-06T12:27:20 IST" duration-ms="181616">
      <class name="FillFormTest">
        <test-method is-config="true" signature="setUp(java.lang.String)[pri:0, instance:FillFormTest@7862f56]" started-at="2026-02-06T12:24:55 IST" name="setUp" finished-at="2026-02-06T12:25:16 IST" duration-ms="20705" status="PASS">
          <params>
            <param index="0">
              <value>
                <![CDATA[edge]]>
              </value>
            </param>
          </params>
          <reporter-output>
          </reporter-output>
        </test-method> <!-- setUp -->
        <test-method is-config="true" signature="setUp(java.lang.String)[pri:0, instance:FillFormTest@7862f56]" started-at="2026-02-06T12:24:55 IST" name="setUp" finished-at="2026-02-06T12:25:14 IST" duration-ms="19442" status="PASS">
          <params>
            <param index="0">
              <value>
                <![CDATA[edge]]>
              </value>
            </param>
          </params>
          <reporter-output>
          </reporter-output>
        </test-method> <!-- setUp -->
        <test-method is-config="true" signature="setUp(java.lang.String)[pri:0, instance:FillFormTest@7862f56]" started-at="2026-02-06T12:24:55 IST" name="setUp" finished-at="2026-02-06T12:25:09 IST" duration-ms="13862" status="PASS">
          <params>
            <param index="0">
              <value>
                <![CDATA[edge]]>
              </value>
            </param>
          </params>
          <reporter-output>
          </reporter-output>
        </test-method> <!-- setUp -->
        <test-method is-config="true" signature="setUp(java.lang.String)[pri:0, instance:FillFormTest@7862f56]" started-at="2026-02-06T12:24:55 IST" name="setUp" finished-at="2026-02-06T12:25:18 IST" duration-ms="23121" status="PASS">
          <params>
            <param index="0">
              <value>
                <![CDATA[edge]]>
              </value>
            </param>
          </params>
          <reporter-output>
          </reporter-output>
        </test-method> <!-- setUp -->
        <test-method is-config="true" signature="setUp(java.lang.String)[pri:0, instance:FillFormTest@7862f56]" started-at="2026-02-06T12:24:55 IST" name="setUp" finished-at="2026-02-06T12:25:14 IST" duration-ms="19360" status="PASS">
          <params>
            <param index="0">
              <value>
                <![CDATA[edge]]>
              </value>
            </param>
          </params>
          <reporter-output>
          </reporter-output>
        </test-method> <!-- setUp -->
        <test-method signature="fillForm(java.lang.String,java.lang.String,java.lang.String,java.lang.String,java.lang.String,java.lang.String,java.lang.String,java.lang.String,java.lang.String,java.lang.String,java.lang.String,java.lang.String)[pri:0, instance:FillFormTest@7862f56]" started-at="2026-02-06T12:25:09 IST" name="fillForm" data-provider="FormExcelData" finished-at="2026-02-06T12:26:22 IST" duration-ms="73318" status="PASS">
          <params>
            <param index="0">
              <value>
                <![CDATA[4]]>
              </value>
            </param>
            <param index="1">
              <value>
                <![CDATA[Alex]]>
              </value>
            </param>
            <param index="2">
              <value>
                <![CDATA[Smith]]>
              </value>
            </param>
            <param index="3">
              <value>
                <![CDATA[alex.s@gmail.com]]>
              </value>
            </param>
            <param index="4">
              <value>
                <![CDATA[123E456]]>
              </value>
            </param>
            <param index="5">
              <value>
                <![CDATA[University/4 Year College]]>
              </value>
            </param>
            <param index="6">
              <value>
                <![CDATA[Global Tech Uni]]>
              </value>
            </param>
            <param index="7">
              <value>
                <![CDATA[Professor]]>
              </value>
            </param>
            <param index="8">
              <value>
                <![CDATA[Academic Affairs]]>
              </value>
            </param>
            <param index="9">
              <value>
                <![CDATA[Existing customer support]]>
              </value>
            </param>
            <param index="10">
              <value>
                <![CDATA[China]]>
              </value>
            </param>
            <param index="11">
              <value>
                <![CDATA[Negative]]>
              </value>
            </param>
          </params>
          <reporter-output>
          </reporter-output>
        </test-method> <!-- fillForm -->
        <test-method signature="fillForm(java.lang.String,java.lang.String,java.lang.String,java.lang.String,java.lang.String,java.lang.String,java.lang.String,java.lang.String,java.lang.String,java.lang.String,java.lang.String,java.lang.String)[pri:0, instance:FillFormTest@7862f56]" started-at="2026-02-06T12:25:14 IST" name="fillForm" data-provider="FormExcelData" finished-at="2026-02-06T12:26:17 IST" duration-ms="62447" status="PASS">
          <params>
            <param index="0">
              <value>
                <![CDATA[2]]>
              </value>
            </param>
            <param index="1">
              <value>
                <![CDATA[Jordan]]>
              </value>
            </param>
            <param index="2">
              <value>
                <![CDATA[Lee]]>
              </value>
            </param>
            <param index="3">
              <value>
                <![CDATA[jlee@college.ca]]>
              </value>
            </param>
            <param index="4">
              <value>
                <![CDATA[987654321]]>
              </value>
            </param>
            <param index="5">
              <value>
                <![CDATA[2 Year College]]>
              </value>
            </param>
            <param index="6">
              <value>
                <![CDATA[North Bay Inst]]>
              </value>
            </param>
            <param index="7">
              <value>
                <![CDATA[Dean]]>
              </value>
            </param>
            <param index="8">
              <value>
                <![CDATA[Executive Leadership]]>
              </value>
            </param>
            <param index="9">
              <value>
                <![CDATA[Learner Support]]>
              </value>
            </param>
            <param index="10">
              <value>
                <![CDATA[Austria]]>
              </value>
            </param>
            <param index="11">
              <value>
                <![CDATA[Positive]]>
              </value>
            </param>
          </params>
          <reporter-output>
          </reporter-output>
        </test-method> <!-- fillForm -->
        <test-method signature="fillForm(java.lang.String,java.lang.String,java.lang.String,java.lang.String,java.lang.String,java.lang.String,java.lang.String,java.lang.String,java.lang.String,java.lang.String,java.lang.String,java.lang.String)[pri:0, instance:FillFormTest@7862f56]" started-at="2026-02-06T12:25:14 IST" name="fillForm" data-provider="FormExcelData" finished-at="2026-02-06T12:27:01 IST" duration-ms="107141" status="PASS">
          <params>
            <param index="0">
              <value>
                <![CDATA[1]]>
              </value>
            </param>
            <param index="1">
              <value>
                <![CDATA[Alex]]>
              </value>
            </param>
            <param index="2">
              <value>
                <![CDATA[Smith]]>
              </value>
            </param>
            <param index="3">
              <value>
                <![CDATA[alex.s@university.edu]]>
              </value>
            </param>
            <param index="4">
              <value>
                <![CDATA[1234567890]]>
              </value>
            </param>
            <param index="5">
              <value>
                <![CDATA[University/4 Year College]]>
              </value>
            </param>
            <param index="6">
              <value>
                <![CDATA[Global Tech Uni]]>
              </value>
            </param>
            <param index="7">
              <value>
                <![CDATA[Professor]]>
              </value>
            </param>
            <param index="8">
              <value>
                <![CDATA[Academic Affairs]]>
              </value>
            </param>
            <param index="9">
              <value>
                <![CDATA[Existing customer support]]>
              </value>
            </param>
            <param index="10">
              <value>
                <![CDATA[Albania]]>
              </value>
            </param>
            <param index="11">
              <value>
                <![CDATA[Positive]]>
              </value>
            </param>
          </params>
          <reporter-output>
          </reporter-output>
        </test-method> <!-- fillForm -->
        <test-method signature="fillForm(java.lang.String,java.lang.String,java.lang.String,java.lang.String,java.lang.String,java.lang.String,java.lang.String,java.lang.String,java.lang.String,java.lang.String,java.lang.String,java.lang.String)[pri:0, instance:FillFormTest@7862f56]" started-at="2026-02-06T12:25:16 IST" name="fillForm" data-provider="FormExcelData" finished-at="2026-02-06T12:26:04 IST" duration-ms="48967" status="PASS">
          <params>
            <param index="0">
              <value>
                <![CDATA[3]]>
              </value>
            </param>
            <param index="1">
              <value>
                <![CDATA[Alex]]>
              </value>
            </param>
            <param index="2">
              <value>
                <![CDATA[Smith]]>
              </value>
            </param>
            <param index="3">
              <value>
                <![CDATA[INVALID_EMAIL]]>
              </value>
            </param>
            <param index="4">
              <value>
                <![CDATA[1234567890]]>
              </value>
            </param>
            <param index="5">
              <value>
                <![CDATA[University/4 Year College]]>
              </value>
            </param>
            <param index="6">
              <value>
                <![CDATA[Global Tech Uni]]>
              </value>
            </param>
            <param index="7">
              <value>
                <![CDATA[Professor]]>
              </value>
            </param>
            <param index="8">
              <value>
                <![CDATA[Academic Affairs]]>
              </value>
            </param>
            <param index="9">
              <value>
                <![CDATA[Courses for myself]]>
              </value>
            </param>
            <param index="10">
              <value>
                <![CDATA[Brazil]]>
              </value>
            </param>
            <param index="11">
              <value>
                <![CDATA[Negative]]>
              </value>
            </param>
          </params>
          <reporter-output>
          </reporter-output>
        </test-method> <!-- fillForm -->
        <test-method signature="fillForm(java.lang.String,java.lang.String,java.lang.String,java.lang.String,java.lang.String,java.lang.String,java.lang.String,java.lang.String,java.lang.String,java.lang.String,java.lang.String,java.lang.String)[pri:0, instance:FillFormTest@7862f56]" started-at="2026-02-06T12:25:18 IST" name="fillForm" data-provider="FormExcelData" finished-at="2026-02-06T12:27:05 IST" duration-ms="106585" status="PASS">
          <params>
            <param index="0">
              <value>
                <![CDATA[5]]>
              </value>
            </param>
            <param index="1">
              <value>
                <![CDATA[Alex]]>
              </value>
            </param>
            <param index="2">
              <value>
                <![CDATA[Smith]]>
              </value>
            </param>
            <param index="3">
              <value>
                <![CDATA[alex.s@uni.edu]]>
              </value>
            </param>
            <param index="4">
              <value>
                <![CDATA[1234567890]]>
              </value>
            </param>
            <param index="5">
              <value>
                <![CDATA[Graduate or Professional School]]>
              </value>
            </param>
            <param index="6">
              <value>
                <![CDATA[]]>
              </value>
            </param>
            <param index="7">
              <value>
                <![CDATA[Student]]>
              </value>
            </param>
            <param index="8">
              <value>
                <![CDATA[Executive Leadership]]>
              </value>
            </param>
            <param index="9">
              <value>
                <![CDATA[Learner Support]]>
              </value>
            </param>
            <param index="10">
              <value>
                <![CDATA[Greece]]>
              </value>
            </param>
            <param index="11">
              <value>
                <![CDATA[Negative]]>
              </value>
            </param>
          </params>
          <reporter-output>
          </reporter-output>
        </test-method> <!-- fillForm -->
        <test-method is-config="true" signature="tearDown()[pri:0, instance:FillFormTest@7862f56]" started-at="2026-02-06T12:26:04 IST" name="tearDown" finished-at="2026-02-06T12:26:41 IST" duration-ms="36080" status="PASS">
          <reporter-output>
          </reporter-output>
        </test-method> <!-- tearDown -->
        <test-method is-config="true" signature="tearDown()[pri:0, instance:FillFormTest@7862f56]" started-at="2026-02-06T12:26:17 IST" name="tearDown" finished-at="2026-02-06T12:26:41 IST" duration-ms="24445" status="PASS">
          <reporter-output>
          </reporter-output>
        </test-method> <!-- tearDown -->
        <test-method is-config="true" signature="tearDown()[pri:0, instance:FillFormTest@7862f56]" started-at="2026-02-06T12:26:22 IST" name="tearDown" finished-at="2026-02-06T12:26:46 IST" duration-ms="24246" status="PASS">
          <reporter-output>
          </reporter-output>
        </test-method> <!-- tearDown -->
        <test-method is-config="true" signature="tearDown()[pri:0, instance:FillFormTest@7862f56]" started-at="2026-02-06T12:27:01 IST" name="tearDown" finished-at="2026-02-06T12:27:20 IST" duration-ms="18974" status="PASS">
          <reporter-output>
          </reporter-output>
        </test-method> <!-- tearDown -->
        <test-method is-config="true" signature="tearDown()[pri:0, instance:FillFormTest@7862f56]" started-at="2026-02-06T12:27:05 IST" name="tearDown" finished-at="2026-02-06T12:27:18 IST" duration-ms="13886" status="PASS">
          <reporter-output>
          </reporter-output>
        </test-method> <!-- tearDown -->
      </class> <!-- FillFormTest -->
      <class name="searchSeleniumTest">
        <test-method is-config="true" signature="setUp(java.lang.String)[pri:0, instance:searchSeleniumTest@48e92c5c]" started-at="2026-02-06T12:24:19 IST" name="setUp" finished-at="2026-02-06T12:24:25 IST" duration-ms="6209" status="PASS">
          <params>
            <param index="0">
              <value>
                <![CDATA[edge]]>
              </value>
            </param>
          </params>
          <reporter-output>
          </reporter-output>
        </test-method> <!-- setUp -->
        <test-method signature="searchSeleniumJava()[pri:0, instance:searchSeleniumTest@48e92c5c]" started-at="2026-02-06T12:24:25 IST" name="searchSeleniumJava" finished-at="2026-02-06T12:24:32 IST" duration-ms="6836" status="PASS">
          <reporter-output>
          </reporter-output>
        </test-method> <!-- searchSeleniumJava -->
        <test-method is-config="true" signature="tearDown()[pri:0, instance:searchSeleniumTest@48e92c5c]" started-at="2026-02-06T12:24:32 IST" name="tearDown" finished-at="2026-02-06T12:24:36 IST" duration-ms="3711" status="PASS">
          <reporter-output>
          </reporter-output>
        </test-method> <!-- tearDown -->
      </class> <!-- searchSeleniumTest -->
      <class name="findLevelTest">
        <test-method is-config="true" signature="setUp(java.lang.String)[pri:0, instance:findLevelTest@18a136ac]" started-at="2026-02-06T12:24:36 IST" name="setUp" finished-at="2026-02-06T12:24:41 IST" duration-ms="5163" status="PASS">
          <params>
            <param index="0">
              <value>
                <![CDATA[edge]]>
              </value>
            </param>
          </params>
          <reporter-output>
          </reporter-output>
        </test-method> <!-- setUp -->
        <test-method signature="levelSearch()[pri:0, instance:findLevelTest@18a136ac]" started-at="2026-02-06T12:24:41 IST" name="levelSearch" finished-at="2026-02-06T12:24:50 IST" duration-ms="9085" status="PASS">
          <reporter-output>
          </reporter-output>
        </test-method> <!-- levelSearch -->
        <test-method is-config="true" signature="tearDown()[pri:0, instance:findLevelTest@18a136ac]" started-at="2026-02-06T12:24:50 IST" name="tearDown" finished-at="2026-02-06T12:24:54 IST" duration-ms="3774" status="PASS">
          <reporter-output>
          </reporter-output>
        </test-method> <!-- tearDown -->
      </class> <!-- findLevelTest -->
    </test> <!-- EdgeTests -->
    <test started-at="2026-02-06T12:24:19 IST" name="ChromeTests" finished-at="2026-02-06T12:27:28 IST" duration-ms="189388">
      <class name="FillFormTest">
        <test-method is-config="true" signature="setUp(java.lang.String)[pri:0, instance:FillFormTest@79351f41]" started-at="2026-02-06T12:25:32 IST" name="setUp" finished-at="2026-02-06T12:26:48 IST" duration-ms="76577" status="PASS">
          <params>
            <param index="0">
              <value>
                <![CDATA[chrome]]>
              </value>
            </param>
          </params>
          <reporter-output>
          </reporter-output>
        </test-method> <!-- setUp -->
        <test-method is-config="true" signature="setUp(java.lang.String)[pri:0, instance:FillFormTest@79351f41]" started-at="2026-02-06T12:25:32 IST" name="setUp" finished-at="2026-02-06T12:25:57 IST" duration-ms="25285" status="PASS">
          <params>
            <param index="0">
              <value>
                <![CDATA[chrome]]>
              </value>
            </param>
          </params>
          <reporter-output>
          </reporter-output>
        </test-method> <!-- setUp -->
        <test-method is-config="true" signature="setUp(java.lang.String)[pri:0, instance:FillFormTest@79351f41]" started-at="2026-02-06T12:25:32 IST" name="setUp" finished-at="2026-02-06T12:25:45 IST" duration-ms="13271" status="PASS">
          <params>
            <param index="0">
              <value>
                <![CDATA[chrome]]>
              </value>
            </param>
          </params>
          <reporter-output>
          </reporter-output>
        </test-method> <!-- setUp -->
        <test-method is-config="true" signature="setUp(java.lang.String)[pri:0, instance:FillFormTest@79351f41]" started-at="2026-02-06T12:25:32 IST" name="setUp" finished-at="2026-02-06T12:26:06 IST" duration-ms="34189" status="PASS">
          <params>
            <param index="0">
              <value>
                <![CDATA[chrome]]>
              </value>
            </param>
          </params>
          <reporter-output>
          </reporter-output>
        </test-method> <!-- setUp -->
        <test-method is-config="true" signature="setUp(java.lang.String)[pri:0, instance:FillFormTest@79351f41]" started-at="2026-02-06T12:25:32 IST" name="setUp" finished-at="2026-02-06T12:26:06 IST" duration-ms="33995" status="PASS">
          <params>
            <param index="0">
              <value>
                <![CDATA[chrome]]>
              </value>
            </param>
          </params>
          <reporter-output>
          </reporter-output>
        </test-method> <!-- setUp -->
        <test-method signature="fillForm(java.lang.String,java.lang.String,java.lang.String,java.lang.String,java.lang.String,java.lang.String,java.lang.String,java.lang.String,java.lang.String,java.lang.String,java.lang.String,java.lang.String)[pri:0, instance:FillFormTest@79351f41]" started-at="2026-02-06T12:25:45 IST" name="fillForm" data-provider="FormExcelData" finished-at="2026-02-06T12:27:17 IST" duration-ms="92607" status="PASS">
          <params>
            <param index="0">
              <value>
                <![CDATA[2]]>
              </value>
            </param>
            <param index="1">
              <value>
                <![CDATA[Jordan]]>
              </value>
            </param>
            <param index="2">
              <value>
                <![CDATA[Lee]]>
              </value>
            </param>
            <param index="3">
              <value>
                <![CDATA[jlee@college.ca]]>
              </value>
            </param>
            <param index="4">
              <value>
                <![CDATA[987654321]]>
              </value>
            </param>
            <param index="5">
              <value>
                <![CDATA[2 Year College]]>
              </value>
            </param>
            <param index="6">
              <value>
                <![CDATA[North Bay Inst]]>
              </value>
            </param>
            <param index="7">
              <value>
                <![CDATA[Dean]]>
              </value>
            </param>
            <param index="8">
              <value>
                <![CDATA[Executive Leadership]]>
              </value>
            </param>
            <param index="9">
              <value>
                <![CDATA[Learner Support]]>
              </value>
            </param>
            <param index="10">
              <value>
                <![CDATA[Austria]]>
              </value>
            </param>
            <param index="11">
              <value>
                <![CDATA[Positive]]>
              </value>
            </param>
          </params>
          <reporter-output>
          </reporter-output>
        </test-method> <!-- fillForm -->
        <test-method signature="fillForm(java.lang.String,java.lang.String,java.lang.String,java.lang.String,java.lang.String,java.lang.String,java.lang.String,java.lang.String,java.lang.String,java.lang.String,java.lang.String,java.lang.String)[pri:0, instance:FillFormTest@79351f41]" started-at="2026-02-06T12:25:57 IST" name="fillForm" data-provider="FormExcelData" finished-at="2026-02-06T12:26:44 IST" duration-ms="47019" status="PASS">
          <params>
            <param index="0">
              <value>
                <![CDATA[3]]>
              </value>
            </param>
            <param index="1">
              <value>
                <![CDATA[Alex]]>
              </value>
            </param>
            <param index="2">
              <value>
                <![CDATA[Smith]]>
              </value>
            </param>
            <param index="3">
              <value>
                <![CDATA[INVALID_EMAIL]]>
              </value>
            </param>
            <param index="4">
              <value>
                <![CDATA[1234567890]]>
              </value>
            </param>
            <param index="5">
              <value>
                <![CDATA[University/4 Year College]]>
              </value>
            </param>
            <param index="6">
              <value>
                <![CDATA[Global Tech Uni]]>
              </value>
            </param>
            <param index="7">
              <value>
                <![CDATA[Professor]]>
              </value>
            </param>
            <param index="8">
              <value>
                <![CDATA[Academic Affairs]]>
              </value>
            </param>
            <param index="9">
              <value>
                <![CDATA[Courses for myself]]>
              </value>
            </param>
            <param index="10">
              <value>
                <![CDATA[Brazil]]>
              </value>
            </param>
            <param index="11">
              <value>
                <![CDATA[Negative]]>
              </value>
            </param>
          </params>
          <reporter-output>
          </reporter-output>
        </test-method> <!-- fillForm -->
        <test-method signature="fillForm(java.lang.String,java.lang.String,java.lang.String,java.lang.String,java.lang.String,java.lang.String,java.lang.String,java.lang.String,java.lang.String,java.lang.String,java.lang.String,java.lang.String)[pri:0, instance:FillFormTest@79351f41]" started-at="2026-02-06T12:26:06 IST" name="fillForm" data-provider="FormExcelData" finished-at="2026-02-06T12:26:47 IST" duration-ms="41918" status="PASS">
          <params>
            <param index="0">
              <value>
                <![CDATA[5]]>
              </value>
            </param>
            <param index="1">
              <value>
                <![CDATA[Alex]]>
              </value>
            </param>
            <param index="2">
              <value>
                <![CDATA[Smith]]>
              </value>
            </param>
            <param index="3">
              <value>
                <![CDATA[alex.s@uni.edu]]>
              </value>
            </param>
            <param index="4">
              <value>
                <![CDATA[1234567890]]>
              </value>
            </param>
            <param index="5">
              <value>
                <![CDATA[Graduate or Professional School]]>
              </value>
            </param>
            <param index="6">
              <value>
                <![CDATA[]]>
              </value>
            </param>
            <param index="7">
              <value>
                <![CDATA[Student]]>
              </value>
            </param>
            <param index="8">
              <value>
                <![CDATA[Executive Leadership]]>
              </value>
            </param>
            <param index="9">
              <value>
                <![CDATA[Learner Support]]>
              </value>
            </param>
            <param index="10">
              <value>
                <![CDATA[Greece]]>
              </value>
            </param>
            <param index="11">
              <value>
                <![CDATA[Negative]]>
              </value>
            </param>
          </params>
          <reporter-output>
          </reporter-output>
        </test-method> <!-- fillForm -->
        <test-method signature="fillForm(java.lang.String,java.lang.String,java.lang.String,java.lang.String,java.lang.String,java.lang.String,java.lang.String,java.lang.String,java.lang.String,java.lang.String,java.lang.String,java.lang.String)[pri:0, instance:FillFormTest@79351f41]" started-at="2026-02-06T12:26:06 IST" name="fillForm" data-provider="FormExcelData" finished-at="2026-02-06T12:26:56 IST" duration-ms="50465" status="PASS">
          <params>
            <param index="0">
              <value>
                <![CDATA[4]]>
              </value>
            </param>
            <param index="1">
              <value>
                <![CDATA[Alex]]>
              </value>
            </param>
            <param index="2">
              <value>
                <![CDATA[Smith]]>
              </value>
            </param>
            <param index="3">
              <value>
                <![CDATA[alex.s@gmail.com]]>
              </value>
            </param>
            <param index="4">
              <value>
                <![CDATA[123E456]]>
              </value>
            </param>
            <param index="5">
              <value>
                <![CDATA[University/4 Year College]]>
              </value>
            </param>
            <param index="6">
              <value>
                <![CDATA[Global Tech Uni]]>
              </value>
            </param>
            <param index="7">
              <value>
                <![CDATA[Professor]]>
              </value>
            </param>
            <param index="8">
              <value>
                <![CDATA[Academic Affairs]]>
              </value>
            </param>
            <param index="9">
              <value>
                <![CDATA[Existing customer support]]>
              </value>
            </param>
            <param index="10">
              <value>
                <![CDATA[China]]>
              </value>
            </param>
            <param index="11">
              <value>
                <![CDATA[Negative]]>
              </value>
            </param>
          </params>
          <reporter-output>
          </reporter-output>
        </test-method> <!-- fillForm -->
        <test-method is-config="true" signature="tearDown()[pri:0, instance:FillFormTest@79351f41]" started-at="2026-02-06T12:26:44 IST" name="tearDown" finished-at="2026-02-06T12:27:15 IST" duration-ms="31134" status="PASS">
          <reporter-output>
          </reporter-output>
        </test-method> <!-- tearDown -->
        <test-method is-config="true" signature="tearDown()[pri:0, instance:FillFormTest@79351f41]" started-at="2026-02-06T12:26:47 IST" name="tearDown" finished-at="2026-02-06T12:27:07 IST" duration-ms="20025" status="PASS">
          <reporter-output>
          </reporter-output>
        </test-method> <!-- tearDown -->
        <test-method signature="fillForm(java.lang.String,java.lang.String,java.lang.String,java.lang.String,java.lang.String,java.lang.String,java.lang.String,java.lang.String,java.lang.String,java.lang.String,java.lang.String,java.lang.String)[pri:0, instance:FillFormTest@79351f41]" started-at="2026-02-06T12:26:48 IST" name="fillForm" data-provider="FormExcelData" finished-at="2026-02-06T12:27:21 IST" duration-ms="32514" status="PASS">
          <params>
            <param index="0">
              <value>
                <![CDATA[1]]>
              </value>
            </param>
            <param index="1">
              <value>
                <![CDATA[Alex]]>
              </value>
            </param>
            <param index="2">
              <value>
                <![CDATA[Smith]]>
              </value>
            </param>
            <param index="3">
              <value>
                <![CDATA[alex.s@university.edu]]>
              </value>
            </param>
            <param index="4">
              <value>
                <![CDATA[1234567890]]>
              </value>
            </param>
            <param index="5">
              <value>
                <![CDATA[University/4 Year College]]>
              </value>
            </param>
            <param index="6">
              <value>
                <![CDATA[Global Tech Uni]]>
              </value>
            </param>
            <param index="7">
              <value>
                <![CDATA[Professor]]>
              </value>
            </param>
            <param index="8">
              <value>
                <![CDATA[Academic Affairs]]>
              </value>
            </param>
            <param index="9">
              <value>
                <![CDATA[Existing customer support]]>
              </value>
            </param>
            <param index="10">
              <value>
                <![CDATA[Albania]]>
              </value>
            </param>
            <param index="11">
              <value>
                <![CDATA[Positive]]>
              </value>
            </param>
          </params>
          <reporter-output>
          </reporter-output>
        </test-method> <!-- fillForm -->
        <test-method is-config="true" signature="tearDown()[pri:0, instance:FillFormTest@79351f41]" started-at="2026-02-06T12:26:56 IST" name="tearDown" finished-at="2026-02-06T12:27:16 IST" duration-ms="20047" status="PASS">
          <reporter-output>
          </reporter-output>
        </test-method> <!-- tearDown -->
        <test-method is-config="true" signature="tearDown()[pri:0, instance:FillFormTest@79351f41]" started-at="2026-02-06T12:27:17 IST" name="tearDown" finished-at="2026-02-06T12:27:23 IST" duration-ms="5763" status="PASS">
          <reporter-output>
          </reporter-output>
        </test-method> <!-- tearDown -->
        <test-method is-config="true" signature="tearDown()[pri:0, instance:FillFormTest@79351f41]" started-at="2026-02-06T12:27:21 IST" name="tearDown" finished-at="2026-02-06T12:27:28 IST" duration-ms="7502" status="PASS">
          <reporter-output>
          </reporter-output>
        </test-method> <!-- tearDown -->
      </class> <!-- FillFormTest -->
      <class name="searchSeleniumTest">
        <test-method is-config="true" signature="setUp(java.lang.String)[pri:0, instance:searchSeleniumTest@79d94571]" started-at="2026-02-06T12:24:19 IST" name="setUp" finished-at="2026-02-06T12:24:29 IST" duration-ms="10169" status="PASS">
          <params>
            <param index="0">
              <value>
                <![CDATA[chrome]]>
              </value>
            </param>
          </params>
          <reporter-output>
          </reporter-output>
        </test-method> <!-- setUp -->
        <test-method signature="searchSeleniumJava()[pri:0, instance:searchSeleniumTest@79d94571]" started-at="2026-02-06T12:24:29 IST" name="searchSeleniumJava" finished-at="2026-02-06T12:24:35 IST" duration-ms="6297" status="PASS">
          <reporter-output>
          </reporter-output>
        </test-method> <!-- searchSeleniumJava -->
        <test-method is-config="true" signature="tearDown()[pri:0, instance:searchSeleniumTest@79d94571]" started-at="2026-02-06T12:24:35 IST" name="tearDown" finished-at="2026-02-06T12:24:39 IST" duration-ms="3496" status="PASS">
          <reporter-output>
          </reporter-output>
        </test-method> <!-- tearDown -->
      </class> <!-- searchSeleniumTest -->
      <class name="findLevelTest">
        <test-method is-config="true" signature="setUp(java.lang.String)[pri:0, instance:findLevelTest@71454b9d]" started-at="2026-02-06T12:24:39 IST" name="setUp" finished-at="2026-02-06T12:24:47 IST" duration-ms="8206" status="PASS">
          <params>
            <param index="0">
              <value>
                <![CDATA[chrome]]>
              </value>
            </param>
          </params>
          <reporter-output>
          </reporter-output>
        </test-method> <!-- setUp -->
        <test-method signature="levelSearch()[pri:0, instance:findLevelTest@71454b9d]" started-at="2026-02-06T12:24:47 IST" name="levelSearch" finished-at="2026-02-06T12:25:04 IST" duration-ms="16717" status="PASS">
          <reporter-output>
          </reporter-output>
        </test-method> <!-- levelSearch -->
        <test-method is-config="true" signature="tearDown()[pri:0, instance:findLevelTest@71454b9d]" started-at="2026-02-06T12:25:04 IST" name="tearDown" finished-at="2026-02-06T12:25:32 IST" duration-ms="27809" status="PASS">
          <reporter-output>
          </reporter-output>
        </test-method> <!-- tearDown -->
      </class> <!-- findLevelTest -->
    </test> <!-- ChromeTests -->
  </suite> <!-- Coursera POM Suite -->
</testng-results>
