<?xml version="1.0" encoding="UTF-8"?>
<testng-results ignored="0" total="4" passed="4" failed="0" skipped="0">
  <reporter-output>
  </reporter-output>
  <suite started-at="2026-02-06T10:24:25 IST" name="Coursera POM Suite" finished-at="2026-02-06T10:28:22 IST" duration-ms="236677">
    <groups>
    </groups>
    <test started-at="2026-02-06T10:24:25 IST" name="ChromeTests" finished-at="2026-02-06T10:28:21 IST" duration-ms="235768">
      <class name="searchSeleniumTest">
        <test-method is-config="true" signature="setUp(java.lang.String)[pri:0, instance:searchSeleniumTest@12ed9db6]" started-at="2026-02-06T10:24:25 IST" name="setUp" finished-at="2026-02-06T10:25:13 IST" duration-ms="48031" status="PASS">
          <params>
            <param index="0">
              <value>
                <![CDATA[chrome]]>
              </value>
            </param>
          </params>
          <reporter-output>
          </reporter-output>
        </test-method> <!-- setUp -->
        <test-method signature="searchSeleniumJava()[pri:0, instance:searchSeleniumTest@12ed9db6]" started-at="2026-02-06T10:25:13 IST" name="searchSeleniumJava" finished-at="2026-02-06T10:26:00 IST" duration-ms="46673" status="PASS">
          <reporter-output>
          </reporter-output>
        </test-method> <!-- searchSeleniumJava -->
        <test-method is-config="true" signature="tearDown()[pri:0, instance:searchSeleniumTest@12ed9db6]" started-at="2026-02-06T10:26:00 IST" name="tearDown" finished-at="2026-02-06T10:26:03 IST" duration-ms="2977" status="PASS">
          <reporter-output>
          </reporter-output>
        </test-method> <!-- tearDown -->
      </class> <!-- searchSeleniumTest -->
      <class name="findLevelTest">
        <test-method is-config="true" signature="setUp(java.lang.String)[pri:0, instance:findLevelTest@6d3c5255]" started-at="2026-02-06T10:26:03 IST" name="setUp" finished-at="2026-02-06T10:26:49 IST" duration-ms="46140" status="PASS">
          <params>
            <param index="0">
              <value>
                <![CDATA[chrome]]>
              </value>
            </param>
          </params>
          <reporter-output>
          </reporter-output>
        </test-method> <!-- setUp -->
        <test-method signature="levelSearch()[pri:0, instance:findLevelTest@6d3c5255]" started-at="2026-02-06T10:26:49 IST" name="levelSearch" finished-at="2026-02-06T10:28:17 IST" duration-ms="88333" status="PASS">
          <reporter-output>
          </reporter-output>
        </test-method> <!-- levelSearch -->
        <test-method is-config="true" signature="tearDown()[pri:0, instance:findLevelTest@6d3c5255]" started-at="2026-02-06T10:28:17 IST" name="tearDown" finished-at="2026-02-06T10:28:21 IST" duration-ms="3467" status="PASS">
          <reporter-output>
          </reporter-output>
        </test-method> <!-- tearDown -->
      </class> <!-- findLevelTest -->
    </test> <!-- ChromeTests -->
    <test started-at="2026-02-06T10:24:25 IST" name="EdgeTests" finished-at="2026-02-06T10:28:22 IST" duration-ms="236677">
      <class name="searchSeleniumTest">
        <test-method is-config="true" signature="setUp(java.lang.String)[pri:0, instance:searchSeleniumTest@3a4621bd]" started-at="2026-02-06T10:24:25 IST" name="setUp" finished-at="2026-02-06T10:25:13 IST" duration-ms="47726" status="PASS">
          <params>
            <param index="0">
              <value>
                <![CDATA[edge]]>
              </value>
            </param>
          </params>
          <reporter-output>
          </reporter-output>
        </test-method> <!-- setUp -->
        <test-method signature="searchSeleniumJava()[pri:0, instance:searchSeleniumTest@3a4621bd]" started-at="2026-02-06T10:25:13 IST" name="searchSeleniumJava" finished-at="2026-02-06T10:25:59 IST" duration-ms="46066" status="PASS">
          <reporter-output>
          </reporter-output>
        </test-method> <!-- searchSeleniumJava -->
        <test-method is-config="true" signature="tearDown()[pri:0, instance:searchSeleniumTest@3a4621bd]" started-at="2026-02-06T10:25:59 IST" name="tearDown" finished-at="2026-02-06T10:26:03 IST" duration-ms="3767" status="PASS">
          <reporter-output>
          </reporter-output>
        </test-method> <!-- tearDown -->
      </class> <!-- searchSeleniumTest -->
      <class name="findLevelTest">
        <test-method is-config="true" signature="setUp(java.lang.String)[pri:0, instance:findLevelTest@4c51cf28]" started-at="2026-02-06T10:26:03 IST" name="setUp" finished-at="2026-02-06T10:26:49 IST" duration-ms="45919" status="PASS">
          <params>
            <param index="0">
              <value>
                <![CDATA[edge]]>
              </value>
            </param>
          </params>
          <reporter-output>
          </reporter-output>
        </test-method> <!-- setUp -->
        <test-method signature="levelSearch()[pri:0, instance:findLevelTest@4c51cf28]" started-at="2026-02-06T10:26:49 IST" name="levelSearch" finished-at="2026-02-06T10:28:17 IST" duration-ms="88352" status="PASS">
          <reporter-output>
          </reporter-output>
        </test-method> <!-- levelSearch -->
        <test-method is-config="true" signature="tearDown()[pri:0, instance:findLevelTest@4c51cf28]" started-at="2026-02-06T10:28:17 IST" name="tearDown" finished-at="2026-02-06T10:28:22 IST" duration-ms="4699" status="PASS">
          <reporter-output>
          </reporter-output>
        </test-method> <!-- tearDown -->
      </class> <!-- findLevelTest -->
    </test> <!-- EdgeTests -->
  </suite> <!-- Coursera POM Suite -->
</testng-results>
