<?xml version="1.0" encoding="UTF-8"?>
<testng-results ignored="0" total="14" passed="13" failed="1" skipped="0">
  <reporter-output>
  </reporter-output>
  <suite started-at="2026-02-05T15:41:27 IST" name="Coursera POM Suite" finished-at="2026-02-05T15:44:43 IST" duration-ms="195634">
    <groups>
    </groups>
    <test started-at="2026-02-05T15:41:27 IST" name="ChromeTests" finished-at="2026-02-05T15:44:25 IST" duration-ms="177353">
      <class name="FillFormTest">
        <test-method is-config="true" signature="setUp(java.lang.String)[pri:0, instance:FillFormTest@67304a40]" started-at="2026-02-05T15:42:05 IST" name="setUp" finished-at="2026-02-05T15:42:57 IST" duration-ms="51730" status="PASS">
          <params>
            <param index="0">
              <value>
                <![CDATA[chrome]]>
              </value>
            </param>
          </params>
          <reporter-output>
          </reporter-output>
        </test-method> <!-- setUp -->
        <test-method is-config="true" signature="setUp(java.lang.String)[pri:0, instance:FillFormTest@67304a40]" started-at="2026-02-05T15:42:05 IST" name="setUp" finished-at="2026-02-05T15:42:32 IST" duration-ms="27291" status="PASS">
          <params>
            <param index="0">
              <value>
                <![CDATA[chrome]]>
              </value>
            </param>
          </params>
          <reporter-output>
          </reporter-output>
        </test-method> <!-- setUp -->
        <test-method is-config="true" signature="setUp(java.lang.String)[pri:0, instance:FillFormTest@67304a40]" started-at="2026-02-05T15:42:05 IST" name="setUp" finished-at="2026-02-05T15:42:37 IST" duration-ms="32441" status="PASS">
          <params>
            <param index="0">
              <value>
                <![CDATA[chrome]]>
              </value>
            </param>
          </params>
          <reporter-output>
          </reporter-output>
        </test-method> <!-- setUp -->
        <test-method is-config="true" signature="setUp(java.lang.String)[pri:0, instance:FillFormTest@67304a40]" started-at="2026-02-05T15:42:05 IST" name="setUp" finished-at="2026-02-05T15:42:30 IST" duration-ms="25528" status="PASS">
          <params>
            <param index="0">
              <value>
                <![CDATA[chrome]]>
              </value>
            </param>
          </params>
          <reporter-output>
          </reporter-output>
        </test-method> <!-- setUp -->
        <test-method is-config="true" signature="setUp(java.lang.String)[pri:0, instance:FillFormTest@67304a40]" started-at="2026-02-05T15:42:05 IST" name="setUp" finished-at="2026-02-05T15:42:49 IST" duration-ms="43690" status="PASS">
          <params>
            <param index="0">
              <value>
                <![CDATA[chrome]]>
              </value>
            </param>
          </params>
          <reporter-output>
          </reporter-output>
        </test-method> <!-- setUp -->
        <test-method signature="fillForm(java.lang.String,java.lang.String,java.lang.String,java.lang.String,java.lang.String,java.lang.String,java.lang.String,java.lang.String,java.lang.String,java.lang.String,java.lang.String,java.lang.String)[pri:0, instance:FillFormTest@67304a40]" started-at="2026-02-05T15:42:30 IST" name="fillForm" data-provider="FormExcelData" finished-at="2026-02-05T15:44:02 IST" duration-ms="91022" status="FAIL">
          <params>
            <param index="0">
              <value>
                <![CDATA[5]]>
              </value>
            </param>
            <param index="1">
              <value>
                <![CDATA[Alex]]>
              </value>
            </param>
            <param index="2">
              <value>
                <![CDATA[Smith]]>
              </value>
            </param>
            <param index="3">
              <value>
                <![CDATA[alex.s@uni.edu]]>
              </value>
            </param>
            <param index="4">
              <value>
                <![CDATA[1234567890]]>
              </value>
            </param>
            <param index="5">
              <value>
                <![CDATA[Graduate or Professional School]]>
              </value>
            </param>
            <param index="6">
              <value>
                <![CDATA[]]>
              </value>
            </param>
            <param index="7">
              <value>
                <![CDATA[Student]]>
              </value>
            </param>
            <param index="8">
              <value>
                <![CDATA[Executive Leadership]]>
              </value>
            </param>
            <param index="9">
              <value>
                <![CDATA[Learner Support]]>
              </value>
            </param>
            <param index="10">
              <value>
                <![CDATA[Greece]]>
              </value>
            </param>
            <param index="11">
              <value>
                <![CDATA[Negative]]>
              </value>
            </param>
          </params>
          <exception class="org.apache.poi.EmptyFileException">
            <message>
              <![CDATA[The supplied file was empty (zero bytes long)]]>
            </message>
            <full-stacktrace>
              <![CDATA[org.apache.poi.EmptyFileException: The supplied file was empty (zero bytes long)
at org.apache.poi.util.IOUtils.peekFirstNBytes(IOUtils.java:157)
at org.apache.poi.poifs.filesystem.FileMagic.valueOf(FileMagic.java:209)
at org.apache.poi.openxml4j.opc.internal.ZipHelper.verifyZipHeader(ZipHelper.java:147)
at org.apache.poi.openxml4j.opc.internal.ZipHelper.openZipStream(ZipHelper.java:191)
at org.apache.poi.openxml4j.opc.ZipPackage.<init>(ZipPackage.java:210)
at org.apache.poi.openxml4j.opc.OPCPackage.open(OPCPackage.java:518)
at org.apache.poi.openxml4j.opc.OPCPackage.open(OPCPackage.java:491)
at org.apache.poi.ooxml.util.PackageHelper.open(PackageHelper.java:67)
at org.apache.poi.xssf.usermodel.XSSFWorkbook.<init>(XSSFWorkbook.java:318)
at org.apache.poi.xssf.usermodel.XSSFWorkbook.<init>(XSSFWorkbook.java:292)
at com.coursera.utils.ExcelUtils.setCellData(ExcelUtils.java:43)
at FillFormTest.fillForm(FillFormTest.java:59)
at java.base/jdk.internal.reflect.DirectMethodHandleAccessor.invoke(DirectMethodHandleAccessor.java:103)
at java.base/java.lang.reflect.Method.invoke(Method.java:580)
at org.testng.internal.invokers.MethodInvocationHelper.invokeMethod(MethodInvocationHelper.java:141)
at org.testng.internal.invokers.TestInvoker.invokeMethod(TestInvoker.java:697)
at org.testng.internal.invokers.TestInvoker.invokeTestMethod(TestInvoker.java:230)
at org.testng.internal.invokers.TestMethodWithDataProviderMethodWorker.call(TestMethodWithDataProviderMethodWorker.java:81)
at org.testng.internal.thread.Async$AsyncTask.run(Async.java:34)
at java.base/java.util.concurrent.ThreadPoolExecutor.runWorker(ThreadPoolExecutor.java:1144)
at java.base/java.util.concurrent.ThreadPoolExecutor$Worker.run(ThreadPoolExecutor.java:642)
at java.base/java.lang.Thread.run(Thread.java:1570)
]]>
            </full-stacktrace>
          </exception> <!-- org.apache.poi.EmptyFileException -->
          <reporter-output>
          </reporter-output>
        </test-method> <!-- fillForm -->
        <test-method signature="fillForm(java.lang.String,java.lang.String,java.lang.String,java.lang.String,java.lang.String,java.lang.String,java.lang.String,java.lang.String,java.lang.String,java.lang.String,java.lang.String,java.lang.String)[pri:0, instance:FillFormTest@67304a40]" started-at="2026-02-05T15:42:32 IST" name="fillForm" data-provider="FormExcelData" finished-at="2026-02-05T15:44:01 IST" duration-ms="89154" status="PASS">
          <params>
            <param index="0">
              <value>
                <![CDATA[3]]>
              </value>
            </param>
            <param index="1">
              <value>
                <![CDATA[Alex]]>
              </value>
            </param>
            <param index="2">
              <value>
                <![CDATA[Smith]]>
              </value>
            </param>
            <param index="3">
              <value>
                <![CDATA[INVALID_EMAIL]]>
              </value>
            </param>
            <param index="4">
              <value>
                <![CDATA[1234567890]]>
              </value>
            </param>
            <param index="5">
              <value>
                <![CDATA[University/4 Year College]]>
              </value>
            </param>
            <param index="6">
              <value>
                <![CDATA[Global Tech Uni]]>
              </value>
            </param>
            <param index="7">
              <value>
                <![CDATA[Professor]]>
              </value>
            </param>
            <param index="8">
              <value>
                <![CDATA[Academic Affairs]]>
              </value>
            </param>
            <param index="9">
              <value>
                <![CDATA[Courses for myself]]>
              </value>
            </param>
            <param index="10">
              <value>
                <![CDATA[Brazil]]>
              </value>
            </param>
            <param index="11">
              <value>
                <![CDATA[Negative]]>
              </value>
            </param>
          </params>
          <reporter-output>
          </reporter-output>
        </test-method> <!-- fillForm -->
        <test-method signature="fillForm(java.lang.String,java.lang.String,java.lang.String,java.lang.String,java.lang.String,java.lang.String,java.lang.String,java.lang.String,java.lang.String,java.lang.String,java.lang.String,java.lang.String)[pri:0, instance:FillFormTest@67304a40]" started-at="2026-02-05T15:42:37 IST" name="fillForm" data-provider="FormExcelData" finished-at="2026-02-05T15:44:18 IST" duration-ms="100441" status="PASS">
          <params>
            <param index="0">
              <value>
                <![CDATA[2]]>
              </value>
            </param>
            <param index="1">
              <value>
                <![CDATA[Jordan]]>
              </value>
            </param>
            <param index="2">
              <value>
                <![CDATA[Lee]]>
              </value>
            </param>
            <param index="3">
              <value>
                <![CDATA[jlee@college.ca]]>
              </value>
            </param>
            <param index="4">
              <value>
                <![CDATA[987654321]]>
              </value>
            </param>
            <param index="5">
              <value>
                <![CDATA[2 Year College]]>
              </value>
            </param>
            <param index="6">
              <value>
                <![CDATA[North Bay Inst]]>
              </value>
            </param>
            <param index="7">
              <value>
                <![CDATA[Dean]]>
              </value>
            </param>
            <param index="8">
              <value>
                <![CDATA[Executive Leadership]]>
              </value>
            </param>
            <param index="9">
              <value>
                <![CDATA[Learner Support]]>
              </value>
            </param>
            <param index="10">
              <value>
                <![CDATA[Austria]]>
              </value>
            </param>
            <param index="11">
              <value>
                <![CDATA[Positive]]>
              </value>
            </param>
          </params>
          <reporter-output>
          </reporter-output>
        </test-method> <!-- fillForm -->
        <test-method signature="fillForm(java.lang.String,java.lang.String,java.lang.String,java.lang.String,java.lang.String,java.lang.String,java.lang.String,java.lang.String,java.lang.String,java.lang.String,java.lang.String,java.lang.String)[pri:0, instance:FillFormTest@67304a40]" started-at="2026-02-05T15:42:49 IST" name="fillForm" data-provider="FormExcelData" finished-at="2026-02-05T15:44:02 IST" duration-ms="72897" status="PASS">
          <params>
            <param index="0">
              <value>
                <![CDATA[4]]>
              </value>
            </param>
            <param index="1">
              <value>
                <![CDATA[Alex]]>
              </value>
            </param>
            <param index="2">
              <value>
                <![CDATA[Smith]]>
              </value>
            </param>
            <param index="3">
              <value>
                <![CDATA[alex.s@gmail.com]]>
              </value>
            </param>
            <param index="4">
              <value>
                <![CDATA[123E456]]>
              </value>
            </param>
            <param index="5">
              <value>
                <![CDATA[University/4 Year College]]>
              </value>
            </param>
            <param index="6">
              <value>
                <![CDATA[Global Tech Uni]]>
              </value>
            </param>
            <param index="7">
              <value>
                <![CDATA[Professor]]>
              </value>
            </param>
            <param index="8">
              <value>
                <![CDATA[Academic Affairs]]>
              </value>
            </param>
            <param index="9">
              <value>
                <![CDATA[Existing customer support]]>
              </value>
            </param>
            <param index="10">
              <value>
                <![CDATA[China]]>
              </value>
            </param>
            <param index="11">
              <value>
                <![CDATA[Negative]]>
              </value>
            </param>
          </params>
          <reporter-output>
          </reporter-output>
        </test-method> <!-- fillForm -->
        <test-method signature="fillForm(java.lang.String,java.lang.String,java.lang.String,java.lang.String,java.lang.String,java.lang.String,java.lang.String,java.lang.String,java.lang.String,java.lang.String,java.lang.String,java.lang.String)[pri:0, instance:FillFormTest@67304a40]" started-at="2026-02-05T15:42:57 IST" name="fillForm" data-provider="FormExcelData" finished-at="2026-02-05T15:44:12 IST" duration-ms="74913" status="PASS">
          <params>
            <param index="0">
              <value>
                <![CDATA[1]]>
              </value>
            </param>
            <param index="1">
              <value>
                <![CDATA[Alex]]>
              </value>
            </param>
            <param index="2">
              <value>
                <![CDATA[Smith]]>
              </value>
            </param>
            <param index="3">
              <value>
                <![CDATA[alex.s@university.edu]]>
              </value>
            </param>
            <param index="4">
              <value>
                <![CDATA[1234567890]]>
              </value>
            </param>
            <param index="5">
              <value>
                <![CDATA[University/4 Year College]]>
              </value>
            </param>
            <param index="6">
              <value>
                <![CDATA[Global Tech Uni]]>
              </value>
            </param>
            <param index="7">
              <value>
                <![CDATA[Professor]]>
              </value>
            </param>
            <param index="8">
              <value>
                <![CDATA[Academic Affairs]]>
              </value>
            </param>
            <param index="9">
              <value>
                <![CDATA[Existing customer support]]>
              </value>
            </param>
            <param index="10">
              <value>
                <![CDATA[Albania]]>
              </value>
            </param>
            <param index="11">
              <value>
                <![CDATA[Positive]]>
              </value>
            </param>
          </params>
          <reporter-output>
          </reporter-output>
        </test-method> <!-- fillForm -->
        <test-method is-config="true" signature="tearDown()[pri:0, instance:FillFormTest@67304a40]" started-at="2026-02-05T15:44:01 IST" name="tearDown" finished-at="2026-02-05T15:44:13 IST" duration-ms="11778" status="PASS">
          <reporter-output>
          </reporter-output>
        </test-method> <!-- tearDown -->
        <test-method is-config="true" signature="tearDown()[pri:0, instance:FillFormTest@67304a40]" started-at="2026-02-05T15:44:02 IST" name="tearDown" finished-at="2026-02-05T15:44:13 IST" duration-ms="11945" status="PASS">
          <reporter-output>
          </reporter-output>
        </test-method> <!-- tearDown -->
        <test-method is-config="true" signature="tearDown()[pri:0, instance:FillFormTest@67304a40]" started-at="2026-02-05T15:44:02 IST" name="tearDown" finished-at="2026-02-05T15:44:18 IST" duration-ms="16884" status="PASS">
          <reporter-output>
          </reporter-output>
        </test-method> <!-- tearDown -->
        <test-method is-config="true" signature="tearDown()[pri:0, instance:FillFormTest@67304a40]" started-at="2026-02-05T15:44:12 IST" name="tearDown" finished-at="2026-02-05T15:44:24 IST" duration-ms="12774" status="PASS">
          <reporter-output>
          </reporter-output>
        </test-method> <!-- tearDown -->
        <test-method is-config="true" signature="tearDown()[pri:0, instance:FillFormTest@67304a40]" started-at="2026-02-05T15:44:18 IST" name="tearDown" finished-at="2026-02-05T15:44:25 IST" duration-ms="6719" status="PASS">
          <reporter-output>
          </reporter-output>
        </test-method> <!-- tearDown -->
      </class> <!-- FillFormTest -->
      <class name="searchSeleniumTest">
        <test-method is-config="true" signature="setUp(java.lang.String)[pri:0, instance:searchSeleniumTest@495fac5f]" started-at="2026-02-05T15:41:27 IST" name="setUp" finished-at="2026-02-05T15:41:34 IST" duration-ms="6348" status="PASS">
          <params>
            <param index="0">
              <value>
                <![CDATA[chrome]]>
              </value>
            </param>
          </params>
          <reporter-output>
          </reporter-output>
        </test-method> <!-- setUp -->
        <test-method signature="searchSeleniumJava()[pri:0, instance:searchSeleniumTest@495fac5f]" started-at="2026-02-05T15:41:34 IST" name="searchSeleniumJava" finished-at="2026-02-05T15:41:40 IST" duration-ms="5938" status="PASS">
          <reporter-output>
          </reporter-output>
        </test-method> <!-- searchSeleniumJava -->
        <test-method is-config="true" signature="tearDown()[pri:0, instance:searchSeleniumTest@495fac5f]" started-at="2026-02-05T15:41:40 IST" name="tearDown" finished-at="2026-02-05T15:41:43 IST" duration-ms="3718" status="PASS">
          <reporter-output>
          </reporter-output>
        </test-method> <!-- tearDown -->
      </class> <!-- searchSeleniumTest -->
      <class name="findLevelTest">
        <test-method is-config="true" signature="setUp(java.lang.String)[pri:0, instance:findLevelTest@4b6690c0]" started-at="2026-02-05T15:41:43 IST" name="setUp" finished-at="2026-02-05T15:41:48 IST" duration-ms="4939" status="PASS">
          <params>
            <param index="0">
              <value>
                <![CDATA[chrome]]>
              </value>
            </param>
          </params>
          <reporter-output>
          </reporter-output>
        </test-method> <!-- setUp -->
        <test-method signature="levelSearch()[pri:0, instance:findLevelTest@4b6690c0]" started-at="2026-02-05T15:41:48 IST" name="levelSearch" finished-at="2026-02-05T15:42:00 IST" duration-ms="12130" status="PASS">
          <reporter-output>
          </reporter-output>
        </test-method> <!-- levelSearch -->
        <test-method is-config="true" signature="tearDown()[pri:0, instance:findLevelTest@4b6690c0]" started-at="2026-02-05T15:42:00 IST" name="tearDown" finished-at="2026-02-05T15:42:04 IST" duration-ms="3594" status="PASS">
          <reporter-output>
          </reporter-output>
        </test-method> <!-- tearDown -->
      </class> <!-- findLevelTest -->
    </test> <!-- ChromeTests -->
    <test started-at="2026-02-05T15:41:27 IST" name="EdgeTests" finished-at="2026-02-05T15:44:43 IST" duration-ms="195634">
      <class name="FillFormTest">
        <test-method is-config="true" signature="setUp(java.lang.String)[pri:0, instance:FillFormTest@4b3ed2f0]" started-at="2026-02-05T15:42:05 IST" name="setUp" finished-at="2026-02-05T15:42:34 IST" duration-ms="28557" status="PASS">
          <params>
            <param index="0">
              <value>
                <![CDATA[edge]]>
              </value>
            </param>
          </params>
          <reporter-output>
          </reporter-output>
        </test-method> <!-- setUp -->
        <test-method is-config="true" signature="setUp(java.lang.String)[pri:0, instance:FillFormTest@4b3ed2f0]" started-at="2026-02-05T15:42:05 IST" name="setUp" finished-at="2026-02-05T15:42:37 IST" duration-ms="31764" status="PASS">
          <params>
            <param index="0">
              <value>
                <![CDATA[edge]]>
              </value>
            </param>
          </params>
          <reporter-output>
          </reporter-output>
        </test-method> <!-- setUp -->
        <test-method is-config="true" signature="setUp(java.lang.String)[pri:0, instance:FillFormTest@4b3ed2f0]" started-at="2026-02-05T15:42:05 IST" name="setUp" finished-at="2026-02-05T15:42:29 IST" duration-ms="24003" status="PASS">
          <params>
            <param index="0">
              <value>
                <![CDATA[edge]]>
              </value>
            </param>
          </params>
          <reporter-output>
          </reporter-output>
        </test-method> <!-- setUp -->
        <test-method is-config="true" signature="setUp(java.lang.String)[pri:0, instance:FillFormTest@4b3ed2f0]" started-at="2026-02-05T15:42:05 IST" name="setUp" finished-at="2026-02-05T15:42:32 IST" duration-ms="26557" status="PASS">
          <params>
            <param index="0">
              <value>
                <![CDATA[edge]]>
              </value>
            </param>
          </params>
          <reporter-output>
          </reporter-output>
        </test-method> <!-- setUp -->
        <test-method is-config="true" signature="setUp(java.lang.String)[pri:0, instance:FillFormTest@4b3ed2f0]" started-at="2026-02-05T15:42:05 IST" name="setUp" finished-at="2026-02-05T15:42:31 IST" duration-ms="25675" status="PASS">
          <params>
            <param index="0">
              <value>
                <![CDATA[edge]]>
              </value>
            </param>
          </params>
          <reporter-output>
          </reporter-output>
        </test-method> <!-- setUp -->
        <test-method signature="fillForm(java.lang.String,java.lang.String,java.lang.String,java.lang.String,java.lang.String,java.lang.String,java.lang.String,java.lang.String,java.lang.String,java.lang.String,java.lang.String,java.lang.String)[pri:0, instance:FillFormTest@4b3ed2f0]" started-at="2026-02-05T15:42:29 IST" name="fillForm" data-provider="FormExcelData" finished-at="2026-02-05T15:43:57 IST" duration-ms="87928" status="PASS">
          <params>
            <param index="0">
              <value>
                <![CDATA[1]]>
              </value>
            </param>
            <param index="1">
              <value>
                <![CDATA[Alex]]>
              </value>
            </param>
            <param index="2">
              <value>
                <![CDATA[Smith]]>
              </value>
            </param>
            <param index="3">
              <value>
                <![CDATA[alex.s@university.edu]]>
              </value>
            </param>
            <param index="4">
              <value>
                <![CDATA[1234567890]]>
              </value>
            </param>
            <param index="5">
              <value>
                <![CDATA[University/4 Year College]]>
              </value>
            </param>
            <param index="6">
              <value>
                <![CDATA[Global Tech Uni]]>
              </value>
            </param>
            <param index="7">
              <value>
                <![CDATA[Professor]]>
              </value>
            </param>
            <param index="8">
              <value>
                <![CDATA[Academic Affairs]]>
              </value>
            </param>
            <param index="9">
              <value>
                <![CDATA[Existing customer support]]>
              </value>
            </param>
            <param index="10">
              <value>
                <![CDATA[Albania]]>
              </value>
            </param>
            <param index="11">
              <value>
                <![CDATA[Positive]]>
              </value>
            </param>
          </params>
          <reporter-output>
          </reporter-output>
        </test-method> <!-- fillForm -->
        <test-method signature="fillForm(java.lang.String,java.lang.String,java.lang.String,java.lang.String,java.lang.String,java.lang.String,java.lang.String,java.lang.String,java.lang.String,java.lang.String,java.lang.String,java.lang.String)[pri:0, instance:FillFormTest@4b3ed2f0]" started-at="2026-02-05T15:42:31 IST" name="fillForm" data-provider="FormExcelData" finished-at="2026-02-05T15:43:59 IST" duration-ms="88038" status="PASS">
          <params>
            <param index="0">
              <value>
                <![CDATA[4]]>
              </value>
            </param>
            <param index="1">
              <value>
                <![CDATA[Alex]]>
              </value>
            </param>
            <param index="2">
              <value>
                <![CDATA[Smith]]>
              </value>
            </param>
            <param index="3">
              <value>
                <![CDATA[alex.s@gmail.com]]>
              </value>
            </param>
            <param index="4">
              <value>
                <![CDATA[123E456]]>
              </value>
            </param>
            <param index="5">
              <value>
                <![CDATA[University/4 Year College]]>
              </value>
            </param>
            <param index="6">
              <value>
                <![CDATA[Global Tech Uni]]>
              </value>
            </param>
            <param index="7">
              <value>
                <![CDATA[Professor]]>
              </value>
            </param>
            <param index="8">
              <value>
                <![CDATA[Academic Affairs]]>
              </value>
            </param>
            <param index="9">
              <value>
                <![CDATA[Existing customer support]]>
              </value>
            </param>
            <param index="10">
              <value>
                <![CDATA[China]]>
              </value>
            </param>
            <param index="11">
              <value>
                <![CDATA[Negative]]>
              </value>
            </param>
          </params>
          <reporter-output>
          </reporter-output>
        </test-method> <!-- fillForm -->
        <test-method signature="fillForm(java.lang.String,java.lang.String,java.lang.String,java.lang.String,java.lang.String,java.lang.String,java.lang.String,java.lang.String,java.lang.String,java.lang.String,java.lang.String,java.lang.String)[pri:0, instance:FillFormTest@4b3ed2f0]" started-at="2026-02-05T15:42:32 IST" name="fillForm" data-provider="FormExcelData" finished-at="2026-02-05T15:43:46 IST" duration-ms="74355" status="PASS">
          <params>
            <param index="0">
              <value>
                <![CDATA[5]]>
              </value>
            </param>
            <param index="1">
              <value>
                <![CDATA[Alex]]>
              </value>
            </param>
            <param index="2">
              <value>
                <![CDATA[Smith]]>
              </value>
            </param>
            <param index="3">
              <value>
                <![CDATA[alex.s@uni.edu]]>
              </value>
            </param>
            <param index="4">
              <value>
                <![CDATA[1234567890]]>
              </value>
            </param>
            <param index="5">
              <value>
                <![CDATA[Graduate or Professional School]]>
              </value>
            </param>
            <param index="6">
              <value>
                <![CDATA[]]>
              </value>
            </param>
            <param index="7">
              <value>
                <![CDATA[Student]]>
              </value>
            </param>
            <param index="8">
              <value>
                <![CDATA[Executive Leadership]]>
              </value>
            </param>
            <param index="9">
              <value>
                <![CDATA[Learner Support]]>
              </value>
            </param>
            <param index="10">
              <value>
                <![CDATA[Greece]]>
              </value>
            </param>
            <param index="11">
              <value>
                <![CDATA[Negative]]>
              </value>
            </param>
          </params>
          <reporter-output>
          </reporter-output>
        </test-method> <!-- fillForm -->
        <test-method signature="fillForm(java.lang.String,java.lang.String,java.lang.String,java.lang.String,java.lang.String,java.lang.String,java.lang.String,java.lang.String,java.lang.String,java.lang.String,java.lang.String,java.lang.String)[pri:0, instance:FillFormTest@4b3ed2f0]" started-at="2026-02-05T15:42:34 IST" name="fillForm" data-provider="FormExcelData" finished-at="2026-02-05T15:44:27 IST" duration-ms="113615" status="PASS">
          <params>
            <param index="0">
              <value>
                <![CDATA[3]]>
              </value>
            </param>
            <param index="1">
              <value>
                <![CDATA[Alex]]>
              </value>
            </param>
            <param index="2">
              <value>
                <![CDATA[Smith]]>
              </value>
            </param>
            <param index="3">
              <value>
                <![CDATA[INVALID_EMAIL]]>
              </value>
            </param>
            <param index="4">
              <value>
                <![CDATA[1234567890]]>
              </value>
            </param>
            <param index="5">
              <value>
                <![CDATA[University/4 Year College]]>
              </value>
            </param>
            <param index="6">
              <value>
                <![CDATA[Global Tech Uni]]>
              </value>
            </param>
            <param index="7">
              <value>
                <![CDATA[Professor]]>
              </value>
            </param>
            <param index="8">
              <value>
                <![CDATA[Academic Affairs]]>
              </value>
            </param>
            <param index="9">
              <value>
                <![CDATA[Courses for myself]]>
              </value>
            </param>
            <param index="10">
              <value>
                <![CDATA[Brazil]]>
              </value>
            </param>
            <param index="11">
              <value>
                <![CDATA[Negative]]>
              </value>
            </param>
          </params>
          <reporter-output>
          </reporter-output>
        </test-method> <!-- fillForm -->
        <test-method signature="fillForm(java.lang.String,java.lang.String,java.lang.String,java.lang.String,java.lang.String,java.lang.String,java.lang.String,java.lang.String,java.lang.String,java.lang.String,java.lang.String,java.lang.String)[pri:0, instance:FillFormTest@4b3ed2f0]" started-at="2026-02-05T15:42:37 IST" name="fillForm" data-provider="FormExcelData" finished-at="2026-02-05T15:44:36 IST" duration-ms="119332" status="PASS">
          <params>
            <param index="0">
              <value>
                <![CDATA[2]]>
              </value>
            </param>
            <param index="1">
              <value>
                <![CDATA[Jordan]]>
              </value>
            </param>
            <param index="2">
              <value>
                <![CDATA[Lee]]>
              </value>
            </param>
            <param index="3">
              <value>
                <![CDATA[jlee@college.ca]]>
              </value>
            </param>
            <param index="4">
              <value>
                <![CDATA[987654321]]>
              </value>
            </param>
            <param index="5">
              <value>
                <![CDATA[2 Year College]]>
              </value>
            </param>
            <param index="6">
              <value>
                <![CDATA[North Bay Inst]]>
              </value>
            </param>
            <param index="7">
              <value>
                <![CDATA[Dean]]>
              </value>
            </param>
            <param index="8">
              <value>
                <![CDATA[Executive Leadership]]>
              </value>
            </param>
            <param index="9">
              <value>
                <![CDATA[Learner Support]]>
              </value>
            </param>
            <param index="10">
              <value>
                <![CDATA[Austria]]>
              </value>
            </param>
            <param index="11">
              <value>
                <![CDATA[Positive]]>
              </value>
            </param>
          </params>
          <reporter-output>
          </reporter-output>
        </test-method> <!-- fillForm -->
        <test-method is-config="true" signature="tearDown()[pri:0, instance:FillFormTest@4b3ed2f0]" started-at="2026-02-05T15:43:46 IST" name="tearDown" finished-at="2026-02-05T15:44:14 IST" duration-ms="28468" status="PASS">
          <reporter-output>
          </reporter-output>
        </test-method> <!-- tearDown -->
        <test-method is-config="true" signature="tearDown()[pri:0, instance:FillFormTest@4b3ed2f0]" started-at="2026-02-05T15:43:57 IST" name="tearDown" finished-at="2026-02-05T15:44:19 IST" duration-ms="22523" status="PASS">
          <reporter-output>
          </reporter-output>
        </test-method> <!-- tearDown -->
        <test-method is-config="true" signature="tearDown()[pri:0, instance:FillFormTest@4b3ed2f0]" started-at="2026-02-05T15:43:59 IST" name="tearDown" finished-at="2026-02-05T15:44:16 IST" duration-ms="17242" status="PASS">
          <reporter-output>
          </reporter-output>
        </test-method> <!-- tearDown -->
        <test-method is-config="true" signature="tearDown()[pri:0, instance:FillFormTest@4b3ed2f0]" started-at="2026-02-05T15:44:27 IST" name="tearDown" finished-at="2026-02-05T15:44:31 IST" duration-ms="4204" status="PASS">
          <reporter-output>
          </reporter-output>
        </test-method> <!-- tearDown -->
        <test-method is-config="true" signature="tearDown()[pri:0, instance:FillFormTest@4b3ed2f0]" started-at="2026-02-05T15:44:36 IST" name="tearDown" finished-at="2026-02-05T15:44:43 IST" duration-ms="6786" status="PASS">
          <reporter-output>
          </reporter-output>
        </test-method> <!-- tearDown -->
      </class> <!-- FillFormTest -->
      <class name="searchSeleniumTest">
        <test-method is-config="true" signature="setUp(java.lang.String)[pri:0, instance:searchSeleniumTest@5443d039]" started-at="2026-02-05T15:41:27 IST" name="setUp" finished-at="2026-02-05T15:41:34 IST" duration-ms="6624" status="PASS">
          <params>
            <param index="0">
              <value>
                <![CDATA[edge]]>
              </value>
            </param>
          </params>
          <reporter-output>
          </reporter-output>
        </test-method> <!-- setUp -->
        <test-method signature="searchSeleniumJava()[pri:0, instance:searchSeleniumTest@5443d039]" started-at="2026-02-05T15:41:34 IST" name="searchSeleniumJava" finished-at="2026-02-05T15:41:41 IST" duration-ms="6710" status="PASS">
          <reporter-output>
          </reporter-output>
        </test-method> <!-- searchSeleniumJava -->
        <test-method is-config="true" signature="tearDown()[pri:0, instance:searchSeleniumTest@5443d039]" started-at="2026-02-05T15:41:41 IST" name="tearDown" finished-at="2026-02-05T15:41:45 IST" duration-ms="4014" status="PASS">
          <reporter-output>
          </reporter-output>
        </test-method> <!-- tearDown -->
      </class> <!-- searchSeleniumTest -->
      <class name="findLevelTest">
        <test-method is-config="true" signature="setUp(java.lang.String)[pri:0, instance:findLevelTest@4b14918a]" started-at="2026-02-05T15:41:45 IST" name="setUp" finished-at="2026-02-05T15:41:49 IST" duration-ms="4615" status="PASS">
          <params>
            <param index="0">
              <value>
                <![CDATA[edge]]>
              </value>
            </param>
          </params>
          <reporter-output>
          </reporter-output>
        </test-method> <!-- setUp -->
        <test-method signature="levelSearch()[pri:0, instance:findLevelTest@4b14918a]" started-at="2026-02-05T15:41:49 IST" name="levelSearch" finished-at="2026-02-05T15:42:01 IST" duration-ms="11293" status="PASS">
          <reporter-output>
          </reporter-output>
        </test-method> <!-- levelSearch -->
        <test-method is-config="true" signature="tearDown()[pri:0, instance:findLevelTest@4b14918a]" started-at="2026-02-05T15:42:01 IST" name="tearDown" finished-at="2026-02-05T15:42:04 IST" duration-ms="3653" status="PASS">
          <reporter-output>
          </reporter-output>
        </test-method> <!-- tearDown -->
      </class> <!-- findLevelTest -->
    </test> <!-- EdgeTests -->
  </suite> <!-- Coursera POM Suite -->
</testng-results>
