<?xml version="1.0" encoding="UTF-8"?>
<!-- Generated by org.testng.reporters.JUnitReportReporter -->
<testsuite hostname="LTIN674054" failures="0" tests="10" name="FillFormTest" time="1144.890" errors="0" timestamp="2026-02-06T12:27:28 IST" skipped="0">
  <testcase classname="FillFormTest" name="fillForm" time="112.997"/>
  <testcase classname="FillFormTest" name="fillForm" time="125.903"/>
  <testcase classname="FillFormTest" name="fillForm" time="97.643"/>
  <testcase classname="FillFormTest" name="fillForm" time="92.854"/>
  <testcase classname="FillFormTest" name="fillForm" time="147.089"/>
  <testcase classname="FillFormTest" name="fillForm" time="100.555"/>
  <testcase classname="FillFormTest" name="fillForm" time="166.342"/>
  <testcase classname="FillFormTest" name="fillForm" time="139.831"/>
  <testcase classname="FillFormTest" name="fillForm" time="79.806"/>
  <testcase classname="FillFormTest" name="fillForm" time="81.870"/>
</testsuite> <!-- FillFormTest -->
