<?xml version="1.0" encoding="UTF-8"?>
<!-- Generated by org.testng.reporters.JUnitReportReporter -->
<testsuite hostname="LTIN674054" failures="0" tests="10" name="FillFormTest" time="1368.254" errors="1" timestamp="2026-02-05T15:44:43 IST" skipped="0">
  <testcase classname="FillFormTest" name="fillForm" time="153.658"/>
  <testcase classname="FillFormTest" name="fillForm" time="170.412"/>
  <testcase classname="FillFormTest" name="fillForm" time="110.203"/>
  <testcase classname="FillFormTest" name="fillForm" time="114.149"/>
  <testcase classname="FillFormTest" name="fillForm" time="161.015"/>
  <testcase classname="FillFormTest" name="fillForm" time="130.182">
    <error message="The supplied file was empty (zero bytes long)" type="org.apache.poi.EmptyFileException">
      <![CDATA[org.apache.poi.EmptyFileException: The supplied file was empty (zero bytes long)
at org.apache.poi.util.IOUtils.peekFirstNBytes(IOUtils.java:157)
at org.apache.poi.poifs.filesystem.FileMagic.valueOf(FileMagic.java:209)
at org.apache.poi.openxml4j.opc.internal.ZipHelper.verifyZipHeader(ZipHelper.java:147)
at org.apache.poi.openxml4j.opc.internal.ZipHelper.openZipStream(ZipHelper.java:191)
at org.apache.poi.openxml4j.opc.ZipPackage.<init>(ZipPackage.java:210)
at org.apache.poi.openxml4j.opc.OPCPackage.open(OPCPackage.java:518)
at org.apache.poi.openxml4j.opc.OPCPackage.open(OPCPackage.java:491)
at org.apache.poi.ooxml.util.PackageHelper.open(PackageHelper.java:67)
at org.apache.poi.xssf.usermodel.XSSFWorkbook.<init>(XSSFWorkbook.java:318)
at org.apache.poi.xssf.usermodel.XSSFWorkbook.<init>(XSSFWorkbook.java:292)
at com.coursera.utils.ExcelUtils.setCellData(ExcelUtils.java:43)
at FillFormTest.fillForm(FillFormTest.java:59)
at java.base/jdk.internal.reflect.DirectMethodHandleAccessor.invoke(DirectMethodHandleAccessor.java:103)
at java.base/java.lang.reflect.Method.invoke(Method.java:580)
at org.testng.internal.invokers.MethodInvocationHelper.invokeMethod(MethodInvocationHelper.java:141)
at org.testng.internal.invokers.TestInvoker.invokeMethod(TestInvoker.java:697)
at org.testng.internal.invokers.TestInvoker.invokeTestMethod(TestInvoker.java:230)
at org.testng.internal.invokers.TestMethodWithDataProviderMethodWorker.call(TestMethodWithDataProviderMethodWorker.java:81)
at org.testng.internal.thread.Async$AsyncTask.run(Async.java:34)
at java.base/java.util.concurrent.ThreadPoolExecutor.runWorker(ThreadPoolExecutor.java:1144)
at java.base/java.util.concurrent.ThreadPoolExecutor$Worker.run(ThreadPoolExecutor.java:642)
at java.base/java.lang.Thread.run(Thread.java:1570)
]]>
    </error>
  </testcase> <!-- fillForm -->
  <testcase classname="FillFormTest" name="fillForm" time="137.044"/>
  <testcase classname="FillFormTest" name="fillForm" time="146.958"/>
  <testcase classname="FillFormTest" name="fillForm" time="117.807"/>
  <testcase classname="FillFormTest" name="fillForm" time="126.826"/>
</testsuite> <!-- FillFormTest -->
