<?xml version="1.0" encoding="UTF-8"?>
<!-- Generated by org.testng.reporters.JUnitReportReporter -->
<testsuite hostname="LTIN674054" failures="0" tests="10" name="FillFormTest" time="1711.056" errors="0" timestamp="2026-02-06T10:13:19 IST" skipped="0">
  <testcase classname="FillFormTest" name="fillForm" time="175.186"/>
  <testcase classname="FillFormTest" name="fillForm" time="168.272"/>
  <testcase classname="FillFormTest" name="fillForm" time="174.325"/>
  <testcase classname="FillFormTest" name="fillForm" time="174.669"/>
  <testcase classname="FillFormTest" name="fillForm" time="181.805"/>
  <testcase classname="FillFormTest" name="fillForm" time="170.161"/>
  <testcase classname="FillFormTest" name="fillForm" time="172.121"/>
  <testcase classname="FillFormTest" name="fillForm" time="167.905"/>
  <testcase classname="FillFormTest" name="fillForm" time="162.152"/>
  <testcase classname="FillFormTest" name="fillForm" time="164.460"/>
</testsuite> <!-- FillFormTest -->
